0 info it worked if it ends with ok
1 verbose cli [ '/usr/local/bin/node', '/usr/local/bin/npm', 'publish' ]
2 info using npm@4.0.5
3 info using node@v7.4.0
4 verbose publish [ '.' ]
5 silly cache add args [ '.', null ]
6 verbose cache add spec .
7 silly cache add parsed spec Result {
7 silly cache add   raw: '.',
7 silly cache add   scope: null,
7 silly cache add   escapedName: null,
7 silly cache add   name: null,
7 silly cache add   rawSpec: '.',
7 silly cache add   spec: '/Users/fbb/Projects/rune-converter',
7 silly cache add   type: 'directory' }
8 verbose addLocalDirectory /Users/fbb/.npm/rune-converter/0.0.2/package.tgz not in flight; packing
9 verbose correctMkdir /Users/fbb/.npm correctMkdir not in flight; initializing
10 warn prepublish-on-install As of npm@5, `prepublish` scripts will run only for `npm publish`.
11 warn prepublish-on-install (In npm@4 and previous versions, it also runs for `npm install`.)
12 warn prepublish-on-install See the deprecation note in `npm help scripts` for more information.
13 info lifecycle rune-converter@0.0.2~prepublish: rune-converter@0.0.2
14 verbose lifecycle rune-converter@0.0.2~prepublish: unsafe-perm in lifecycle true
15 verbose lifecycle rune-converter@0.0.2~prepublish: PATH: /usr/local/lib/node_modules/npm/bin/node-gyp-bin:/Users/fbb/Projects/rune-converter/node_modules/.bin:/usr/local/bin:/usr/bin:/bin:/usr/sbin:/sbin:/usr/local/share/dotnet:/Library/Frameworks/Mono.framework/Versions/Current/Commands
16 verbose lifecycle rune-converter@0.0.2~prepublish: CWD: /Users/fbb/Projects/rune-converter
17 silly lifecycle rune-converter@0.0.2~prepublish: Args: [ '-c', 'gulp prepublish' ]
18 silly lifecycle rune-converter@0.0.2~prepublish: Returned: code: 0  signal: null
19 info lifecycle rune-converter@0.0.2~prepare: rune-converter@0.0.2
20 silly lifecycle rune-converter@0.0.2~prepare: no script for prepare, continuing
21 verbose tar pack [ '/Users/fbb/.npm/rune-converter/0.0.2/package.tgz',
21 verbose tar pack   '/Users/fbb/Projects/rune-converter' ]
22 verbose tarball /Users/fbb/.npm/rune-converter/0.0.2/package.tgz
23 verbose folder /Users/fbb/Projects/rune-converter
24 verbose addLocalTarball adding from inside cache /Users/fbb/.npm/rune-converter/0.0.2/package.tgz
25 verbose correctMkdir /Users/fbb/.npm correctMkdir not in flight; initializing
26 silly cache afterAdd rune-converter@0.0.2
27 verbose afterAdd /Users/fbb/.npm/rune-converter/0.0.2/package/package.json not in flight; writing
28 verbose correctMkdir /Users/fbb/.npm correctMkdir not in flight; initializing
29 verbose afterAdd /Users/fbb/.npm/rune-converter/0.0.2/package/package.json written
30 silly publish { name: 'rune-converter',
30 silly publish   version: '0.0.2',
30 silly publish   description: 'convert text written in the latin alphabet to runes in elder futhark (UTF8)',
30 silly publish   homepage: 'https://github.com/fBosch/rune-converter#readme',
30 silly publish   author:
30 silly publish    { name: 'Frederik Bosch',
30 silly publish      email: 'frede.bosch@gmail.com',
30 silly publish      url: 'https://github.com/fbosch' },
30 silly publish   files: [ 'dist' ],
30 silly publish   main: 'dist/index.js',
30 silly publish   keywords:
30 silly publish    [ 'rune',
30 silly publish      'text',
30 silly publish      'converter',
30 silly publish      'unicode',
30 silly publish      'string',
30 silly publish      'futhark',
30 silly publish      'vikings',
30 silly publish      'history' ],
30 silly publish   devDependencies:
30 silly publish    { 'babel-cli': '^6.18.0',
30 silly publish      'babel-core': '^5.5.0',
30 silly publish      'babel-eslint': '^4.1.8',
30 silly publish      'babel-plugin-lodash': '^3.0.0',
30 silly publish      'babel-preset-es2015': '^6.18.0',
30 silly publish      del: '^2.0.2',
30 silly publish      eslint: '^2.1.0',
30 silly publish      'eslint-config-xo-space': '^0.12.0',
30 silly publish      'eslint-plugin-babel': '^3.1.0',
30 silly publish      gulp: '^3.9.0',
30 silly publish      'gulp-babel': '^5.1.0',
30 silly publish      'gulp-eslint': '^2.0.0',
30 silly publish      'gulp-exclude-gitignore': '^1.0.0',
30 silly publish      'gulp-istanbul': '^0.10.3',
30 silly publish      'gulp-line-ending-corrector': '^1.0.1',
30 silly publish      'gulp-mocha': '^2.0.0',
30 silly publish      'gulp-nsp': '^2.1.0',
30 silly publish      'gulp-plumber': '^1.0.0',
30 silly publish      isparta: '^3.0.3',
30 silly publish      lodash: '^4.17.4' },
30 silly publish   eslintConfig:
30 silly publish    { ecmaVersion: 6,
30 silly publish      extends: 'xo-space',
30 silly publish      env: { mocha: true },
30 silly publish      rules: { indent: [Object] } },
30 silly publish   repository:
30 silly publish    { type: 'git',
30 silly publish      url: 'git+https://github.com/fBosch/rune-converter.git' },
30 silly publish   scripts: { prepublish: 'gulp prepublish', test: 'gulp' },
30 silly publish   license: 'Apache-2.0',
30 silly publish   dependencies:
30 silly publish    { 'lodash.assign': '^4.2.0',
30 silly publish      'lodash.clone': '^4.5.0',
30 silly publish      'lodash.has': '^4.5.2',
30 silly publish      'lodash.isnan': '^3.0.2',
30 silly publish      'lodash.isnil': '^4.0.0',
30 silly publish      'lodash.isstring': '^4.0.1',
30 silly publish      'lodash.keys': '^4.2.0',
30 silly publish      'lodash.replace': '^4.1.4',
30 silly publish      'lodash.tolower': '^4.1.2',
30 silly publish      'lodash.tonumber': '^4.0.3' },
30 silly publish   readme: '# rune-converter\n\na small node package for converting text to the runic alphabet\n\n## Installation\n`npm install rune-converter`\n\n## Usage\n``` javascript\n\n  import {toRunic, transcribe, transcribeLetterCombinations} from \'rune-converter\'\n\n```\n## Functions\n\n### toRunic(str, options)\n`toRunic()` is the default function to convert a given string to runic.\n\n#### Arguments \n* **str** (String) - the string you wish to convert\n* **options** (Object) - options that determine the conversion of the string\n    * **punctuation**  - determines what symbol to transcribe \' . \' to\n    \n      key | value\n      ---- | -----\n      cross **(default)** | ᛭\n      double | ᛬\n      single | ᛫\n    * **spacing** - determines what symbol to transcribe spacing to\n    \n      key | value \n      --- | -----\n      normal | `whitespace`\n       cross | ᛭\n      double **(default)** | ᛬\n      single | ᛫\n\n#### Examples\n``` javascript\n  var str = \'Lorem ipsum dolor sit amet.\'\n\n  toRunic(str) // ᛚᛟᚱᛖᛗ᛬ᛁᛈᛋᚢᛗ᛬ᛞᛟᛚᛟᚱ᛬ᛋᛁᛏ᛬ᚨᛗᛖᛏ᛭\n\n  toRunic(str, { punctuation: \'single\' }) // ᛚᛟᚱᛖᛗ᛬ᛁᛈᛋᚢᛗ᛬ᛞᛟᛚᛟᚱ᛬ᛋᛁᛏ᛬ᚨᛗᛖᛏ᛫\n\n  toRunic(str, { spacing: \'normal\' }) // ᛚᛟᚱᛖᛗ ᛁᛈᛋᚢᛗ ᛞᛟᛚᛟᚱ ᛋᛁᛏ ᚨᛗᛖᛏ᛭\n```\n\n### transcribe(str, variantIndex)\n\n`transcribe()` is used to transcribe single letters (or certain combinations) into their corrosponding rune(s)\n\n\n#### Arguments\n* **str** (String) - the letter(s) to transcribe to elder futhark\n\n#### Examples\n\n``` javascript\ntranscribe(\'h\') // ᚺ\n\n// multiple runes returned for single letter\ntranscribe(\'x\') // ᚲᛋ\n\n// letter combinations to single rune\ntranscribe(\'eau\') // ᛟ\n````\n\n### transcribeLetterCombinations(str) \n\n`transcribeLetterCombinations()` is used to transcribe certain combinations of letters to runic. \n\nThis function will **not** convert the entire string to runic, it will only replace all multi-letter combinations with their corrosponding rune(s).\n\n#### Arguments\n* **str** (String) - the string to replace letter combinations into\n\n#### Examples\n``` javascript \ntranscribeLetterCombinations(\'eat the food Tina!\') // ᛠt ᚦe food Tina!\n``` \n',
30 silly publish   readmeFilename: 'README.md',
30 silly publish   gitHead: '2dc0d81ac9d9bd5e367d1e4c88cc111d58a913ee',
30 silly publish   bugs: { url: 'https://github.com/fBosch/rune-converter/issues' },
30 silly publish   _id: 'rune-converter@0.0.2',
30 silly publish   _shasum: 'b5843757ee591d21ec76eb4fbc81f93f6083ff07',
30 silly publish   _from: '.' }
31 info lifecycle rune-converter@0.0.2~prepublishOnly: rune-converter@0.0.2
32 silly lifecycle rune-converter@0.0.2~prepublishOnly: no script for prepublishOnly, continuing
33 verbose getPublishConfig undefined
34 silly mapToRegistry name rune-converter
35 silly mapToRegistry using default registry
36 silly mapToRegistry registry https://registry.npmjs.org/
37 silly mapToRegistry data Result {
37 silly mapToRegistry   raw: 'rune-converter',
37 silly mapToRegistry   scope: null,
37 silly mapToRegistry   escapedName: 'rune-converter',
37 silly mapToRegistry   name: 'rune-converter',
37 silly mapToRegistry   rawSpec: '',
37 silly mapToRegistry   spec: 'latest',
37 silly mapToRegistry   type: 'tag' }
38 silly mapToRegistry uri https://registry.npmjs.org/rune-converter
39 verbose publish registryBase https://registry.npmjs.org/
40 silly publish uploading /Users/fbb/.npm/rune-converter/0.0.2/package.tgz
41 verbose request uri https://registry.npmjs.org/rune-converter
42 verbose request sending authorization for write operation
43 info attempt registry request try #1 at 10:36:23 PM
44 verbose request using bearer token for auth
45 verbose request id a57e89b40184be58
46 http request PUT https://registry.npmjs.org/rune-converter
47 http 403 https://registry.npmjs.org/rune-converter
48 verbose headers { 'content-type': 'application/json',
48 verbose headers   'cache-control': 'max-age=300',
48 verbose headers   'content-length': '95',
48 verbose headers   'accept-ranges': 'bytes',
48 verbose headers   date: 'Thu, 02 Feb 2017 21:36:24 GMT',
48 verbose headers   via: '1.1 varnish',
48 verbose headers   connection: 'keep-alive',
48 verbose headers   'x-served-by': 'cache-bma7021-BMA',
48 verbose headers   'x-cache': 'MISS',
48 verbose headers   'x-cache-hits': '0',
48 verbose headers   'x-timer': 'S1486071383.974935,VS0,VE945',
48 verbose headers   vary: 'Accept-Encoding' }
49 verbose request invalidating /Users/fbb/.npm/registry.npmjs.org/rune-converter on PUT
50 error publish Failed PUT 403
51 verbose stack Error: "You cannot publish over the previously published version 0.0.2." : rune-converter
51 verbose stack     at makeError (/usr/local/lib/node_modules/npm/node_modules/npm-registry-client/lib/request.js:302:12)
51 verbose stack     at CachingRegistryClient.<anonymous> (/usr/local/lib/node_modules/npm/node_modules/npm-registry-client/lib/request.js:290:14)
51 verbose stack     at Request._callback (/usr/local/lib/node_modules/npm/node_modules/npm-registry-client/lib/request.js:210:14)
51 verbose stack     at Request.self.callback (/usr/local/lib/node_modules/npm/node_modules/request/request.js:186:22)
51 verbose stack     at emitTwo (events.js:106:13)
51 verbose stack     at Request.emit (events.js:191:7)
51 verbose stack     at Request.<anonymous> (/usr/local/lib/node_modules/npm/node_modules/request/request.js:1081:10)
51 verbose stack     at emitOne (events.js:96:13)
51 verbose stack     at Request.emit (events.js:188:7)
51 verbose stack     at IncomingMessage.<anonymous> (/usr/local/lib/node_modules/npm/node_modules/request/request.js:1001:12)
52 verbose statusCode 403
53 verbose pkgid rune-converter
54 verbose cwd /Users/fbb/Projects/rune-converter
55 error Darwin 16.1.0
56 error argv "/usr/local/bin/node" "/usr/local/bin/npm" "publish"
57 error node v7.4.0
58 error npm  v4.0.5
59 error code E403
60 error "You cannot publish over the previously published version 0.0.2." : rune-converter
61 error If you need help, you may report this error at:
61 error     <https://github.com/npm/npm/issues>
62 verbose exit [ 1, true ]
